<?xml version="1.0" encoding="UTF-8"?>
<!-- Generated by org.testng.reporters.JUnitReportReporter -->
<testsuite skipped="0" hostname="LAPTOP-J19S32R2" name="com.test.Scenario3test" tests="1" failures="0" timestamp="2022-04-16T18:24:37 IST" time="27.484" errors="0">
  <testcase name="LoginUser" time="27.484" classname="com.test.Scenario3test"/>
  <system-out/>
</testsuite> <!-- com.test.Scenario3test -->
