<?xml version="1.0" encoding="UTF-8"?>
<!-- Generated by org.testng.reporters.JUnitReportReporter -->
<testsuite skipped="0" hostname="LAPTOP-J19S32R2" name="com.test.loginTest" tests="1" failures="0" timestamp="2022-04-16T17:46:37 IST" time="1.104" errors="0">
  <testcase name="LoginUser" time="1.104" classname="com.test.loginTest"/>
  <system-out/>
</testsuite> <!-- com.test.loginTest -->
